Arguments: 
  /Users/ims/.nvm/versions/node/v12.8.1/bin/node /usr/local/bin/yarn add typeorm

PATH: 
  /Users/ims/.nvm/versions/node/v12.8.1/bin:/Users/ims/bin:/usr/local/bin:/usr/local/bin:/usr/bin:/bin:/usr/sbin:/sbin:/usr/local/share/dotnet:~/.dotnet/tools:/Users/ims/.nvm/versions/node/v12.8.1/bin:/Users/ims/bin

Yarn version: 
  1.13.0

Node version: 
  12.8.1

Platform: 
  darwin x64

Trace: 
  Error: getaddrinfo ENOTFOUND registry.npmjs.org
      at GetAddrInfoReqWrap.onlookup [as oncomplete] (dns.js:60:26)

npm manifest: 
  {
    "name": "@nger/util",
    "version": "0.0.0",
    "description": "> TODO: description",
    "author": "imeepos <1037483576@qq.com>",
    "homepage": "https://github.com/meepobrother/nger-util#readme",
    "license": "ISC",
    "main": "lib/util.js",
    "directories": {
      "lib": "lib",
      "test": "__tests__"
    },
    "files": [
      "lib"
    ],
    "publishConfig": {
      "registry": "http://registry.npmjs.org"
    },
    "repository": {
      "type": "git",
      "url": "git+https://github.com/meepobrother/nger-util.git"
    },
    "scripts": {
      "test": "echo \"Error: run tests from root\" && exit 1"
    },
    "bugs": {
      "url": "https://github.com/meepobrother/nger-util/issues"
    },
    "dependencies": {
      "@types/ramda": "^0.26.34",
      "ramda": "^0.26.1"
    }
  }

yarn manifest: 
  No manifest

Lockfile: 
  # THIS IS AN AUTOGENERATED FILE. DO NOT EDIT THIS FILE DIRECTLY.
  # yarn lockfile v1
  
  
  "@types/ramda@^0.26.34":
    version "0.26.34"
    resolved "https://registry.yarnpkg.com/@types/ramda/-/ramda-0.26.34.tgz#e65df964a077e9eb97c412483446681a23e56def"
    integrity sha512-5x+oE6PzERYl4IPqjj8DwvlLAz2DiQGv0KMuWM3a1byqQ8k8ebmGWw5TAtpVtDwdQEhs1KVdCtOaLy0iwuqwdQ==
    dependencies:
      ts-toolbelt "^4.10.7"
  
  ramda@^0.26.1:
    version "0.26.1"
    resolved "https://registry.yarnpkg.com/ramda/-/ramda-0.26.1.tgz#8d41351eb8111c55353617fc3bbffad8e4d35d06"
    integrity sha512-hLWjpy7EnsDBb0p+Z3B7rPi3GDeRG5ZtiI33kJhTt+ORCd38AbAIjB/9zRIUoeTbE/AVX5ZkU7m6bznsvrf8eQ==
  
  ts-toolbelt@^4.10.7:
    version "4.10.8"
    resolved "https://registry.yarnpkg.com/ts-toolbelt/-/ts-toolbelt-4.10.8.tgz#f04a0b5bc7bccd52246d65b6bd99b7d4d340e7bf"
    integrity sha512-ExcghPTsrsfAgcxZ30YT9jXySjd1j6wtV/xcyxDaNCM75w7vkxH8wuuHG1gYv9v2sfiV6F/7LL0lH0QagleHLw==
